This is pdfTeX, Version 3.14159265-2.6-1.40.16 (TeX Live 2015/Debian) (preloaded format=pdflatex 2016.12.6)  20 DEC 2016 00:01
entering extended mode
 restricted \write18 enabled.
 %&-line parsing enabled.
**modelo-tese.tex
(./modelo-tese.tex
LaTeX2e <2016/02/01>
Babel <3.9q> and hyphenation patterns for 81 language(s) loaded.
(./inf-ufg.cls
Document Class: inf-ufg 2008/12/29 v1.8 INF-UFG Thesis Class
LaTeX 2e package inf-ufg' -- Released 29 dec 2008
(/usr/share/texlive/texmf-dist/tex/latex/base/ifthen.sty
Package: ifthen 2014/09/29 v1.1c Standard LaTeX ifthen package (DPC)
)
(/usr/share/texlive/texmf-dist/tex/latex/base/report.cls
Document Class: report 2014/09/29 v1.4h Standard LaTeX document class
(/usr/share/texlive/texmf-dist/tex/latex/base/size12.clo
File: size12.clo 2014/09/29 v1.4h Standard LaTeX file (size option)
)
\c@part=\count79
\c@chapter=\count80
\c@section=\count81
\c@subsection=\count82
\c@subsubsection=\count83
\c@paragraph=\count84
\c@subparagraph=\count85
\c@figure=\count86
\c@table=\count87
\abovecaptionskip=\skip41
\belowcaptionskip=\skip42
\bibindent=\dimen102
)
(/usr/share/texlive/texmf-dist/tex/generic/beebe/texnames.sty
This is texnames.sty, Version 1.10 <02 March 1998>
) (/usr/share/texlive/texmf-dist/tex/generic/babel/babel.sty
Package: babel 2016/02/24 3.9q The Babel package

(/usr/share/texlive/texmf-dist/tex/generic/babel-english/english.ldf
Language: english 2012/08/20 v3.3p English support from the babel system

(/usr/share/texlive/texmf-dist/tex/generic/babel/babel.def
File: babel.def 2016/02/24 3.9q Babel common definitions
\babel@savecnt=\count88
\U@D=\dimen103
)
\l@canadian = a dialect from \language\l@american 
\l@australian = a dialect from \language\l@british 
\l@newzealand = a dialect from \language\l@british 
)
(/usr/share/texlive/texmf-dist/tex/generic/babel-portuges/portuges.ldf
Language: portuges 2008/03/18 v1.2q Portuguese support from the babel system
Package babel Info: Making " an active character on input line 145.
)
(/usr/share/texlive/texmf-dist/tex/generic/babel-portuges/portuges.ldf
Language: portuges 2008/03/18 v1.2q Portuguese support from the babel system
\l@brazil = a dialect from \language\l@portuges 
))
(/usr/share/texlive/texmf-dist/tex/latex/base/fontenc.sty
Package: fontenc 2005/09/27 v1.99g Standard LaTeX package

(/usr/share/texlive/texmf-dist/tex/latex/base/t1enc.def
File: t1enc.def 2005/09/27 v1.99g Standard LaTeX file
LaTeX Font Info:    Redeclaring font encoding T1 on input line 48.
))
(/usr/share/texlive/texmf-dist/tex/latex/base/inputenc.sty
Package: inputenc 2015/03/17 v1.2c Input encoding file
\inpenc@prehook=\toks14
\inpenc@posthook=\toks15

(/usr/share/texlive/texmf-dist/tex/latex/base/ansinew.def
File: ansinew.def 2015/03/17 v1.2c Input encoding file
))
(/usr/share/texlive/texmf-dist/tex/latex/amsfonts/amsfonts.sty
Package: amsfonts 2013/01/14 v3.01 Basic AMSFonts support
\@emptytoks=\toks16
\symAMSa=\mathgroup4
\symAMSb=\mathgroup5
LaTeX Font Info:    Overwriting math alphabet `\mathfrak' in version `bold'
(Font)                  U/euf/m/n --> U/euf/b/n on input line 106.
)
(/usr/share/texlive/texmf-dist/tex/latex/pslatex/pslatex.sty
Package: pslatex 1996/07/24 v1.2 pslatex emulation (DPC)
LaTeX Font Info:    Redeclaring symbol font `operators' on input line 65.
LaTeX Font Info:    Overwriting symbol font `operators' in version `normal'
(Font)                  OT1/cmr/m/n --> OT1/ptmcm/m/n on input line 65.
LaTeX Font Info:    Overwriting symbol font `operators' in version `bold'
(Font)                  OT1/cmr/bx/n --> OT1/ptmcm/m/n on input line 65.
LaTeX Font Info:    Redeclaring symbol font `letters' on input line 66.
LaTeX Font Info:    Overwriting symbol font `letters' in version `normal'
(Font)                  OML/cmm/m/it --> OML/ptmcm/m/it on input line 66.
LaTeX Font Info:    Overwriting symbol font `letters' in version `bold'
(Font)                  OML/cmm/b/it --> OML/ptmcm/m/it on input line 66.
LaTeX Font Info:    Redeclaring symbol font `symbols' on input line 67.
LaTeX Font Info:    Overwriting symbol font `symbols' in version `normal'
(Font)                  OMS/cmsy/m/n --> OMS/pzccm/m/n on input line 67.
LaTeX Font Info:    Overwriting symbol font `symbols' in version `bold'
(Font)                  OMS/cmsy/b/n --> OMS/pzccm/m/n on input line 67.
LaTeX Font Info:    Redeclaring symbol font `largesymbols' on input line 68.
LaTeX Font Info:    Overwriting symbol font `largesymbols' in version `normal'
(Font)                  OMX/cmex/m/n --> OMX/psycm/m/n on input line 68.
LaTeX Font Info:    Overwriting symbol font `largesymbols' in version `bold'
(Font)                  OMX/cmex/m/n --> OMX/psycm/m/n on input line 68.
\symbold=\mathgroup6
\symitalic=\mathgroup7
LaTeX Font Info:    Redeclaring math alphabet \mathbf on input line 74.
LaTeX Font Info:    Overwriting math alphabet `\mathbf' in version `normal'
(Font)                  OT1/cmr/bx/n --> OT1/ptm/bx/n on input line 74.
LaTeX Font Info:    Overwriting math alphabet `\mathbf' in version `bold'
(Font)                  OT1/cmr/bx/n --> OT1/ptm/bx/n on input line 74.
LaTeX Font Info:    Redeclaring math alphabet \mathit on input line 75.
LaTeX Font Info:    Overwriting math alphabet `\mathit' in version `normal'
(Font)                  OT1/cmr/m/it --> OT1/ptm/m/it on input line 75.
LaTeX Font Info:    Overwriting math alphabet `\mathit' in version `bold'
(Font)                  OT1/cmr/bx/it --> OT1/ptm/m/it on input line 75.
)
(/usr/share/texlive/texmf-dist/tex/latex/fancyvrb/fancyvrb.sty
Package: fancyvrb 2008/02/07

Style option: `fancyvrb' v2.7a, with DG/SPQR fixes, and firstline=lastline fix 
<2008/02/07> (tvz) (/usr/share/texlive/texmf-dist/tex/latex/graphics/keyval.sty
Package: keyval 2014/10/28 v1.15 key=value parser (DPC)
\KV@toks@=\toks17
)
\FV@CodeLineNo=\count89
\FV@InFile=\read1
\FV@TabBox=\box26
\c@FancyVerbLine=\count90
\FV@StepNumber=\count91
\FV@OutFile=\write3
) (/usr/share/texlive/texmf-dist/tex/latex/tools/indentfirst.sty
Package: indentfirst 1995/11/23 v1.03 Indent first paragraph (DPC)
)
(/usr/share/texlive/texmf-dist/tex/latex/setspace/setspace.sty
Package: setspace 2011/12/19 v6.7a set line spacing
)
(/usr/share/texlive/texmf-dist/tex/latex/eso-pic/eso-pic.sty
Package: eso-pic 2015/07/21 v2.0g eso-pic (RN)

(/usr/share/texlive/texmf-dist/tex/generic/oberdiek/atbegshi.sty
Package: atbegshi 2011/10/05 v1.16 At begin shipout hook (HO)

(/usr/share/texlive/texmf-dist/tex/generic/oberdiek/infwarerr.sty
Package: infwarerr 2010/04/08 v1.3 Providing info/warning/error messages (HO)
)
(/usr/share/texlive/texmf-dist/tex/generic/oberdiek/ltxcmds.sty
Package: ltxcmds 2011/11/09 v1.22 LaTeX kernel commands for general use (HO)
)
(/usr/share/texlive/texmf-dist/tex/generic/oberdiek/ifpdf.sty
Package: ifpdf 2011/01/30 v2.3 Provides the ifpdf switch (HO)
Package ifpdf Info: pdfTeX in PDF mode is detected.
))
(/usr/share/texlive/texmf-dist/tex/latex/xcolor/xcolor.sty
Package: xcolor 2007/01/21 v2.11 LaTeX color extensions (UK)

(/usr/share/texlive/texmf-dist/tex/latex/latexconfig/color.cfg
File: color.cfg 2007/01/18 v1.5 color configuration of teTeX/TeXLive
)
Package xcolor Info: Driver file: pdftex.def on input line 225.

(/usr/share/texlive/texmf-dist/tex/latex/pdftex-def/pdftex.def
File: pdftex.def 2011/05/27 v0.06d Graphics/color for pdfTeX
\Gread@gobject=\count92
)
Package xcolor Info: Model `cmy' substituted by `cmy0' on input line 1337.
Package xcolor Info: Model `hsb' substituted by `rgb' on input line 1341.
Package xcolor Info: Model `RGB' extended on input line 1353.
Package xcolor Info: Model `HTML' substituted by `rgb' on input line 1355.
Package xcolor Info: Model `Hsb' substituted by `hsb' on input line 1356.
Package xcolor Info: Model `tHsb' substituted by `hsb' on input line 1357.
Package xcolor Info: Model `HSB' substituted by `hsb' on input line 1358.
Package xcolor Info: Model `Gray' substituted by `gray' on input line 1359.
Package xcolor Info: Model `wave' substituted by `hsb' on input line 1360.
))
(/usr/share/texlive/texmf-dist/tex/latex/lastpage/lastpage.sty
Package: lastpage 2015/03/29 v1.2m Refers to last page's name (HMM; JPG)
)
(/usr/share/texlive/texmf-dist/tex/latex/hyperref/hyperref.sty
Package: hyperref 2012/11/06 v6.83m Hypertext links for LaTeX

(/usr/share/texlive/texmf-dist/tex/generic/oberdiek/hobsub-hyperref.sty
Package: hobsub-hyperref 2012/05/28 v1.13 Bundle oberdiek, subset hyperref (HO)


(/usr/share/texlive/texmf-dist/tex/generic/oberdiek/hobsub-generic.sty
Package: hobsub-generic 2012/05/28 v1.13 Bundle oberdiek, subset generic (HO)
Package: hobsub 2012/05/28 v1.13 Construct package bundles (HO)
Package hobsub Info: Skipping package `infwarerr' (already loaded).
Package hobsub Info: Skipping package `ltxcmds' (already loaded).
Package: ifluatex 2010/03/01 v1.3 Provides the ifluatex switch (HO)
Package ifluatex Info: LuaTeX not detected.
Package: ifvtex 2010/03/01 v1.5 Detect VTeX and its facilities (HO)
Package ifvtex Info: VTeX not detected.
Package: intcalc 2007/09/27 v1.1 Expandable calculations with integers (HO)
Package hobsub Info: Skipping package `ifpdf' (already loaded).
Package: etexcmds 2011/02/16 v1.5 Avoid name clashes with e-TeX commands (HO)
Package etexcmds Info: Could not find \expanded.
(etexcmds)             That can mean that you are not using pdfTeX 1.50 or
(etexcmds)             that some package has redefined \expanded.
(etexcmds)             In the latter case, load this package earlier.
Package: kvsetkeys 2012/04/25 v1.16 Key value parser (HO)
Package: kvdefinekeys 2011/04/07 v1.3 Define keys (HO)
Package: pdftexcmds 2011/11/29 v0.20 Utility functions of pdfTeX for LuaTeX (HO
)
Package pdftexcmds Info: LuaTeX not detected.
Package pdftexcmds Info: \pdf@primitive is available.
Package pdftexcmds Info: \pdf@ifprimitive is available.
Package pdftexcmds Info: \pdfdraftmode found.
Package: pdfescape 2011/11/25 v1.13 Implements pdfTeX's escape features (HO)
Package: bigintcalc 2012/04/08 v1.3 Expandable calculations on big integers (HO
)
Package: bitset 2011/01/30 v1.1 Handle bit-vector datatype (HO)
Package: uniquecounter 2011/01/30 v1.2 Provide unlimited unique counter (HO)
)
Package hobsub Info: Skipping package `hobsub' (already loaded).
Package: letltxmacro 2010/09/02 v1.4 Let assignment for LaTeX macros (HO)
Package: hopatch 2012/05/28 v1.2 Wrapper for package hooks (HO)
Package: xcolor-patch 2011/01/30 xcolor patch
Package: atveryend 2011/06/30 v1.8 Hooks at the very end of document (HO)
Package atveryend Info: \enddocument detected (standard20110627).
Package hobsub Info: Skipping package `atbegshi' (already loaded).
Package: refcount 2011/10/16 v3.4 Data extraction from label references (HO)
Package: hycolor 2011/01/30 v1.7 Color options for hyperref/bookmark (HO)
)
(/usr/share/texlive/texmf-dist/tex/generic/ifxetex/ifxetex.sty
Package: ifxetex 2010/09/12 v0.6 Provides ifxetex conditional
)
(/usr/share/texlive/texmf-dist/tex/latex/oberdiek/auxhook.sty
Package: auxhook 2011/03/04 v1.3 Hooks for auxiliary files (HO)
)
(/usr/share/texlive/texmf-dist/tex/latex/oberdiek/kvoptions.sty
Package: kvoptions 2011/06/30 v3.11 Key value format for package options (HO)
)
\@linkdim=\dimen104
\Hy@linkcounter=\count93
\Hy@pagecounter=\count94

(/usr/share/texlive/texmf-dist/tex/latex/hyperref/pd1enc.def
File: pd1enc.def 2012/11/06 v6.83m Hyperref: PDFDocEncoding definition (HO)
)
\Hy@SavedSpaceFactor=\count95

(/usr/share/texlive/texmf-dist/tex/latex/latexconfig/hyperref.cfg
File: hyperref.cfg 2002/06/06 v1.2 hyperref configuration of TeXLive
)
Package hyperref Info: Hyper figures OFF on input line 4443.
Package hyperref Info: Link nesting OFF on input line 4448.
Package hyperref Info: Hyper index ON on input line 4451.
Package hyperref Info: Plain pages OFF on input line 4458.
Package hyperref Info: Backreferencing OFF on input line 4463.
Package hyperref Info: Implicit mode ON; LaTeX internals redefined.
Package hyperref Info: Bookmarks ON on input line 4688.
\c@Hy@tempcnt=\count96

(/usr/share/texlive/texmf-dist/tex/latex/url/url.sty
\Urlmuskip=\muskip10
Package: url 2013/09/16  ver 3.4  Verb mode for urls, etc.
)
LaTeX Info: Redefining \url on input line 5041.
\XeTeXLinkMargin=\dimen105
\Fld@menulength=\count97
\Field@Width=\dimen106
\Fld@charsize=\dimen107
Package hyperref Info: Hyper figures OFF on input line 6295.
Package hyperref Info: Link nesting OFF on input line 6300.
Package hyperref Info: Hyper index ON on input line 6303.
Package hyperref Info: backreferencing OFF on input line 6310.
Package hyperref Info: Link coloring OFF on input line 6315.
Package hyperref Info: Link coloring with OCG OFF on input line 6320.
Package hyperref Info: PDF/A mode OFF on input line 6325.
LaTeX Info: Redefining \ref on input line 6365.
LaTeX Info: Redefining \pageref on input line 6369.
\Hy@abspage=\count98
\c@Item=\count99
\c@Hfootnote=\count100
)

Package hyperref Message: Driver: hpdftex.

(/usr/share/texlive/texmf-dist/tex/latex/hyperref/hpdftex.def
File: hpdftex.def 2012/11/06 v6.83m Hyperref driver for pdfTeX
\Fld@listcount=\count101
\c@bookmark@seq@number=\count102

(/usr/share/texlive/texmf-dist/tex/latex/oberdiek/rerunfilecheck.sty
Package: rerunfilecheck 2011/04/15 v1.7 Rerun checks for auxiliary files (HO)
Package uniquecounter Info: New unique counter `rerunfilecheck' on input line 2
82.
)
\Hy@SectionHShift=\skip43
)
Package hyperref Info: Option `bookmarksopen' set `false' on input line 184.
Package hyperref Info: Option `bookmarksnumbered' set `true' on input line 184.

Package hyperref Info: Option `hypertexnames' set `false' on input line 184.
Package hyperref Info: Option `naturalnames' set `true' on input line 184.
Package hyperref Info: Option `colorlinks' set `true' on input line 194.

(/usr/share/texlive/texmf-dist/tex/latex/graphics/graphicx.sty
Package: graphicx 2014/10/28 v1.0g Enhanced LaTeX Graphics (DPC,SPQR)

(/usr/share/texlive/texmf-dist/tex/latex/graphics/graphics.sty
Package: graphics 2016/01/03 v1.0q Standard LaTeX Graphics (DPC,SPQR)

(/usr/share/texlive/texmf-dist/tex/latex/graphics/trig.sty
Package: trig 2016/01/03 v1.10 sin cos tan (DPC)
)
(/usr/share/texlive/texmf-dist/tex/latex/latexconfig/graphics.cfg
File: graphics.cfg 2010/04/23 v1.9 graphics configuration of TeX Live
)
Package graphics Info: Driver file: pdftex.def on input line 95.
)
\Gin@req@height=\dimen108
\Gin@req@width=\dimen109
)
(/usr/share/texlive/texmf-dist/tex/latex/caption/caption.sty
Package: caption 2016/02/21 v3.3-144 Customizing captions (AR)

(/usr/share/texlive/texmf-dist/tex/latex/caption/caption3.sty
Package: caption3 2016/02/04 v1.7-139 caption3 kernel (AR)
Package caption3 Info: TeX engine: e-TeX on input line 67.
\captionmargin=\dimen110
\captionmargin@=\dimen111
\captionwidth=\dimen112
\caption@tempdima=\dimen113
\caption@indent=\dimen114
\caption@parindent=\dimen115
\caption@hangindent=\dimen116
)
\c@ContinuedFloat=\count103
Package caption Info: hyperref package is loaded.
)
(/usr/share/texlive/texmf-dist/tex/latex/subfigure/subfigure.sty
Package: subfigure 2002/03/15 v2.1.5 subfigure package
\subfigtopskip=\skip44
\subfigcapskip=\skip45
\subfigcaptopadj=\dimen117
\subfigbottomskip=\skip46
\subfigcapmargin=\dimen118
\subfiglabelskip=\skip47
\c@subfigure=\count104
\c@lofdepth=\count105
\c@subtable=\count106
\c@lotdepth=\count107

****************************************
* Local config file subfigure.cfg used *
****************************************
(/usr/share/texlive/texmf-dist/tex/latex/subfigure/subfigure.cfg)
\subfig@top=\skip48
\subfig@bottom=\skip49
)
(/usr/share/texlive/texmf-dist/tex/latex/algorithm2e/algorithm2e.sty
Package: algorithm2e 2013/01/06 v5.00 algorithms environments
\c@AlgoLine=\count108
\algocf@hangindent=\skip50

(/usr/share/texlive/texmf-dist/tex/latex/tools/xspace.sty
Package: xspace 2014/10/28 v1.13 Space after command names (DPC,MH)
)
(/usr/share/texlive/texmf-dist/tex/latex/relsize/relsize.sty
Package: relsize 2013/03/29 ver 4.1
)
********************************************************
Package `algorithm2e' Release 5.1 -- october 19 2015 --
- algorithm2e-announce@lirmm.fr mailing list for announcement about releases
- algorithm2e-discussion@lirmm.fr mailing list for discussion about package
subscribe by emailing sympa@lirmm.fr with 'subscribe <list> <firstname name>'
- Author: Christophe Fiorio (christophe.fiorio@umontpellier.fr)
********************************************************
\skiptotal=\skip51
\skiplinenumber=\skip52
\skiprule=\skip53
\skiphlne=\skip54
\skiptext=\skip55
\skiplength=\skip56
\algomargin=\skip57
\skipalgocfslide=\skip58
\algowidth=\dimen119
\inoutsize=\dimen120
\inoutindent=\dimen121
\interspacetitleruled=\dimen122
\interspacealgoruled=\dimen123
\interspacetitleboxruled=\dimen124
\algocf@ruledwidth=\skip59
\algocf@inoutbox=\box27
\algocf@inputbox=\box28
\AlCapSkip=\skip60
\AlCapHSkip=\skip61
\algoskipindent=\skip62
\algocf@nlbox=\box29
\algocf@hangingbox=\box30
\algocf@untilbox=\box31
\algocf@skipuntil=\skip63
\algocf@capbox=\box32
\algoheightruledefault=\skip64
\algoheightrule=\skip65
\algotitleheightruledefault=\skip66
\algotitleheightrule=\skip67
\c@algocfline=\count109
\c@algocfproc=\count110
\c@algocf=\count111
\algocf@algoframe=\box33
\algocf@algobox=\box34
) (/usr/share/texlive/texmf-dist/tex/latex/float/float.sty
Package: float 2001/11/08 v1.3d Float enhancements (AL)
\c@float@type=\count112
\float@exts=\toks18
\float@box=\box35
\@float@everytoks=\toks19
\@floatcapt=\box36
)
\@float@every@codigo=\toks20
\c@codigo=\count113

(/usr/share/texlive/texmf-dist/tex/latex/fancyhdr/fancyhdr.sty
\fancy@headwidth=\skip68
\f@ncyO@elh=\skip69
\f@ncyO@erh=\skip70
\f@ncyO@olh=\skip71
\f@ncyO@orh=\skip72
\f@ncyO@elf=\skip73
\f@ncyO@erf=\skip74
\f@ncyO@olf=\skip75
\f@ncyO@orf=\skip76
)
(/usr/share/texlive/texmf-dist/tex/latex/tocbibind/tocbibind.sty
Package: tocbibind 2010/10/13 v1.5k extra ToC listings
Package tocbibind Info: The document has chapter divisions on input line 50.


Package tocbibind Note: Using chapter style headings, unless overridden.

) (./tocloft.sty
Package: tocloft 2002/06/15 v2.3 parameterised ToC, etc., typesetting


Package tocloft Note: The document has chapter divisions.

\cftparskip=\skip77
\cftbeforetoctitleskip=\skip78
\cftaftertoctitleskip=\skip79
\cftbeforepartskip=\skip80
\cftpartnumwidth=\skip81
\cftpartindent=\skip82
\cftbeforechapskip=\skip83
\cftchapindent=\skip84
\cftchapnumwidth=\skip85
\cftbeforesecskip=\skip86
\cftsecindent=\skip87
\cftsecnumwidth=\skip88
\cftbeforesubsecskip=\skip89
\cftsubsecindent=\skip90
\cftsubsecnumwidth=\skip91
\cftbeforesubsubsecskip=\skip92
\cftsubsubsecindent=\skip93
\cftsubsubsecnumwidth=\skip94
\cftbeforeparaskip=\skip95
\cftparaindent=\skip96
\cftparanumwidth=\skip97
\cftbeforesubparaskip=\skip98
\cftsubparaindent=\skip99
\cftsubparanumwidth=\skip100
\cftbeforeloftitleskip=\skip101
\cftafterloftitleskip=\skip102
\cftbeforefigskip=\skip103
\cftfigindent=\skip104
\cftfignumwidth=\skip105
\cftbeforelottitleskip=\skip106
\cftafterlottitleskip=\skip107
\cftbeforetabskip=\skip108
\cfttabindent=\skip109
\cfttabnumwidth=\skip110
) (/usr/share/texlive/texmf-dist/tex/latex/titlesec/titletoc.sty
Package: titletoc 2011/12/15 v1.6 TOC entries
\ttl@leftsep=\dimen125
)
\c@definition=\count114

(/usr/share/texlive/texmf-dist/tex/latex/enumitem/enumitem.sty
Package: enumitem 2011/09/28 v3.5.2 Customized lists
\labelindent=\skip111
\enit@outerparindent=\dimen126
\enit@toks=\toks21
\enit@inbox=\box37
\enitdp@description=\count115
))
(/usr/share/texlive/texmf-dist/tex/latex/placeins/placeins.sty
Package: placeins 2005/04/18  v 2.2
)
(./modelo-tese.aux

LaTeX Warning: Label `fig:exemploFig2' multiply defined.


LaTeX Warning: Label `fig:exemploFig2' multiply defined.


LaTeX Warning: Label `fig:exemploFig2' multiply defined.


LaTeX Warning: Label `fig:exemploFig2' multiply defined.


LaTeX Warning: Label `fig:exemploFig2' multiply defined.


LaTeX Warning: Label `fig:exemploFig2' multiply defined.


LaTeX Warning: Label `fig:exemploFig2' multiply defined.


LaTeX Warning: Label `fig:exemploFig2' multiply defined.


LaTeX Warning: Label `fig:exemploFig2' multiply defined.


LaTeX Warning: Label `code:exemplo-json-resposta-criptografar' multiply defined
.


LaTeX Warning: Label `code:exemplo-json-resposta-criptografar' multiply defined
.


LaTeX Warning: Label `fig:exemploFig2' multiply defined.


LaTeX Warning: Label `code:exemplo-json-resposta-criptografar' multiply defined
.


LaTeX Warning: Label `code:exemplo-json-resposta-criptografar' multiply defined
.


LaTeX Warning: Label `fig:exemploFig2' multiply defined.


LaTeX Warning: Label `code:exemplo-json-resposta-criptografar' multiply defined
.


LaTeX Warning: Label `code:exemplo-json-resposta-criptografar' multiply defined
.


LaTeX Warning: Label `fig:exemploFig2' multiply defined.


LaTeX Warning: Label `fig:exemploFig2' multiply defined.


LaTeX Warning: Label `fig:exemploFig2' multiply defined.


LaTeX Warning: Label `fig:exemploFig2' multiply defined.


LaTeX Warning: Label `fig:exemploFig2' multiply defined.


LaTeX Warning: Label `fig:exemploFig2' multiply defined.


LaTeX Warning: Label `fig:exemploFig2' multiply defined.


LaTeX Warning: Label `fig:exemploFig2' multiply defined.


LaTeX Warning: Label `fig:exemploFig2' multiply defined.


LaTeX Warning: Label `fig:exemploFig2' multiply defined.


LaTeX Warning: Label `fig:exemploFig2' multiply defined.


LaTeX Warning: Label `fig:exemploFig2' multiply defined.


LaTeX Warning: Label `fig:exemploFig2' multiply defined.


LaTeX Warning: Label `fig:exemploFig2' multiply defined.


LaTeX Warning: Label `fig:exemploFig2' multiply defined.

)
\openout1 = `modelo-tese.aux'.

LaTeX Font Info:    Checking defaults for OML/cmm/m/it on input line 18.
LaTeX Font Info:    ... okay on input line 18.
LaTeX Font Info:    Checking defaults for T1/cmr/m/n on input line 18.
LaTeX Font Info:    ... okay on input line 18.
LaTeX Font Info:    Checking defaults for OT1/cmr/m/n on input line 18.
LaTeX Font Info:    ... okay on input line 18.
LaTeX Font Info:    Checking defaults for OMS/pzccm/m/n on input line 18.
LaTeX Font Info:    Try loading font information for OMS+pzccm on input line 18
.
 (/usr/share/texlive/texmf-dist/tex/latex/psnfss/omspzccm.fd
File: omspzccm.fd 2000/01/03 Fontinst v1.801 font definitions for OMS/pzccm.
)
LaTeX Font Info:    ... okay on input line 18.
LaTeX Font Info:    Checking defaults for OMX/cmex/m/n on input line 18.
LaTeX Font Info:    ... okay on input line 18.
LaTeX Font Info:    Checking defaults for U/cmr/m/n on input line 18.
LaTeX Font Info:    ... okay on input line 18.
LaTeX Font Info:    Checking defaults for PD1/pdf/m/n on input line 18.
LaTeX Font Info:    ... okay on input line 18.
\AtBeginShipoutBox=\box38

(/usr/share/texlive/texmf-dist/tex/context/base/supp-pdf.mkii
[Loading MPS to PDF converter (version 2006.09.02).]
\scratchcounter=\count116
\scratchdimen=\dimen127
\scratchbox=\box39
\nofMPsegments=\count117
\nofMParguments=\count118
\everyMPshowfont=\toks22
\MPscratchCnt=\count119
\MPscratchDim=\dimen128
\MPnumerator=\count120
\makeMPintoPDFobject=\count121
\everyMPtoPDFconversion=\toks23
)
Package lastpage Info: Please have a look at the pageslts package at
(lastpage)             https://www.ctan.org/pkg/pageslts
(lastpage)             ! on input line 18.
Package hyperref Info: Link coloring ON on input line 18.
 (/usr/share/texlive/texmf-dist/tex/latex/hyperref/nameref.sty
Package: nameref 2012/10/27 v2.43 Cross-referencing by name of section

(/usr/share/texlive/texmf-dist/tex/generic/oberdiek/gettitlestring.sty
Package: gettitlestring 2010/12/03 v1.4 Cleanup title references (HO)
)
\c@section@level=\count122
)
LaTeX Info: Redefining \ref on input line 18.
LaTeX Info: Redefining \pageref on input line 18.
LaTeX Info: Redefining \nameref on input line 18.

(./modelo-tese.out) (./modelo-tese.out)
\@outlinefile=\write4
\openout4 = `modelo-tese.out'.


(/usr/share/texlive/texmf-dist/tex/latex/oberdiek/epstopdf-base.sty
Package: epstopdf-base 2010/02/09 v2.5 Base part for package epstopdf

(/usr/share/texlive/texmf-dist/tex/latex/oberdiek/grfext.sty
Package: grfext 2010/08/19 v1.1 Manage graphics extensions (HO)
)
Package grfext Info: Graphics extension search list:
(grfext)             [.jpg,.pdf,.mps,.png,.eps]
(grfext)             \AppendGraphicsExtensions on input line 452.

(/usr/share/texlive/texmf-dist/tex/latex/latexconfig/epstopdf-sys.cfg
File: epstopdf-sys.cfg 2010/07/13 v1.3 Configuration of (r)epstopdf for TeX Liv
e
))
Package caption Info: Begin \AtBeginDocument code.
Package caption Info: float package is loaded.
Package caption Info: subfigure package is loaded.
Package caption Info: End \AtBeginDocument code.
Package babel Info: Redefining portuges shorthand "|
(babel)             in language append on input line 59.
Package babel Info: Redefining portuges shorthand "|
(babel)             in language append on input line 59.
Package babel Info: Redefining portuges shorthand "|
(babel)             in language append on input line 59.
Package babel Info: Redefining portuges shorthand "|
(babel)             in language append on input line 59.
Package babel Info: Redefining portuges shorthand "|
(babel)             in language append on input line 59.
LaTeX Font Info:    Font shape `T1/ptm/bx/n' in size <24.88> not available
(Font)              Font shape `T1/ptm/b/n' tried instead on input line 59.
LaTeX Font Info:    Font shape `T1/ptm/bx/n' in size <17.28> not available
(Font)              Font shape `T1/ptm/b/n' tried instead on input line 59.
Package babel Info: Redefining portuges shorthand "|
(babel)             in language append on input line 59.

[1

{/var/lib/texmf/fonts/map/pdftex/updmap/pdftex.map}]
Package babel Info: Redefining portuges shorthand "|
(babel)             in language append on input line 60.
LaTeX Font Info:    Font shape `T1/ptm/bx/sc' in size <17.28> not available
(Font)              Font shape `T1/ptm/b/sc' tried instead on input line 60.
LaTeX Font Info:    Font shape `T1/ptm/bx/n' in size <12> not available
(Font)              Font shape `T1/ptm/b/n' tried instead on input line 60.
LaTeX Font Info:    Try loading font information for OT1+ptmcm on input line 60
.

(/usr/share/texlive/texmf-dist/tex/latex/psnfss/ot1ptmcm.fd
File: ot1ptmcm.fd 2000/01/03 Fontinst v1.801 font definitions for OT1/ptmcm.
)
LaTeX Font Info:    Try loading font information for OML+ptmcm on input line 60
.

(/usr/share/texlive/texmf-dist/tex/latex/psnfss/omlptmcm.fd
File: omlptmcm.fd 2000/01/03 Fontinst v1.801 font definitions for OML/ptmcm.
)
LaTeX Font Info:    Try loading font information for OMX+psycm on input line 60
.

(/usr/share/texlive/texmf-dist/tex/latex/psnfss/omxpsycm.fd
File: omxpsycm.fd 2000/01/03 Fontinst v1.801 font definitions for OMX/psycm.
)
LaTeX Font Info:    Try loading font information for U+msa on input line 60.

(/usr/share/texlive/texmf-dist/tex/latex/amsfonts/umsa.fd
File: umsa.fd 2013/01/14 v3.01 AMS symbols A
)
LaTeX Font Info:    Try loading font information for U+msb on input line 60.

(/usr/share/texlive/texmf-dist/tex/latex/amsfonts/umsb.fd
File: umsb.fd 2013/01/14 v3.01 AMS symbols B
)
LaTeX Font Info:    Font shape `OT1/ptm/bx/n' in size <12> not available
(Font)              Font shape `OT1/ptm/b/n' tried instead on input line 60.
LaTeX Font Info:    Font shape `OT1/ptm/bx/n' in size <9> not available
(Font)              Font shape `OT1/ptm/b/n' tried instead on input line 60.
LaTeX Font Info:    Font shape `OT1/ptm/bx/n' in size <7> not available
(Font)              Font shape `OT1/ptm/b/n' tried instead on input line 60.

Underfull \hbox (badness 10000) in paragraph at lines 60--60
[] $[]$
 []


Underfull \hbox (badness 10000) in paragraph at lines 60--60
[] $[]$
 []

Package babel Info: Redefining portuges shorthand "|
(babel)             in language append on input line 60.
[1]
Package babel Info: Redefining portuges shorthand "|
(babel)             in language append on input line 61.

Underfull \hbox (badness 1052) in paragraph at lines 61--61
[]\T1/ptm/m/n/12 Trabalho de Con-clu-são apre-sen-tado à Co-or-de-na-ção do
 []

Package babel Info: Redefining portuges shorthand "|
(babel)             in language append on input line 61.
[1] (./pre/pre_aprovacao.tex
Package babel Info: Redefining portuges shorthand "|
(babel)             in language append on input line 1.
LaTeX Font Info:    Font shape `T1/ptm/bx/n' in size <10.95> not available
(Font)              Font shape `T1/ptm/b/n' tried instead on input line 1.
Package babel Info: Redefining portuges shorthand "|
(babel)             in language append on input line 9.
 [2

]) (./pre/pre_direitos.tex
Package babel Info: Redefining portuges shorthand "|
(babel)             in language append on input line 1.
LaTeX Font Info:    Font shape `T1/phv/m/n' will be
(Font)              scaled to size 10.79993pt on input line 1.
LaTeX Font Info:    Font shape `T1/phv/bx/n' in size <12> not available
(Font)              Font shape `T1/phv/b/n' tried instead on input line 1.
LaTeX Font Info:    Font shape `T1/phv/b/n' will be
(Font)              scaled to size 10.79993pt on input line 1.
Package babel Info: Redefining portuges shorthand "|
(babel)             in language append on input line 1.
 [3

])
(./pre/pre_dedicatoria.tex
Package babel Info: Redefining portuges shorthand "|
(babel)             in language append on input line 1.
Package babel Info: Redefining portuges shorthand "|
(babel)             in language append on input line 3.
 [4

]) (./pre/pre_agradecimentos.tex
Package babel Info: Redefining portuges shorthand "|
(babel)             in language append on input line 1.
Package babel Info: Redefining portuges shorthand "|
(babel)             in language append on input line 10.
 [5

])
(./pre/pre_epigrafe.tex
Package babel Info: Redefining portuges shorthand "|
(babel)             in language append on input line 3.
Package babel Info: Redefining portuges shorthand "|
(babel)             in language append on input line 3.
 [6

]) (./pre/pre_resumo.tex
Package babel Info: Redefining portuges shorthand "|
(babel)             in language append on input line 3.

Underfull \hbox (badness 10000) in paragraph at lines 3--3
[]$[]$
 []

Package babel Info: Redefining portuges shorthand "|
(babel)             in language append on input line 6.
[7

]) (./pre/pre_abstract.tex
Package babel Info: Redefining portuges shorthand "|
(babel)             in language append on input line 2.
Package babel Info: Redefining portuges shorthand "|
(babel)             in language append on input line 5.
 [8

])
Package babel Info: Redefining portuges shorthand "|
(babel)             in language append on input line 71.
 (./modelo-tese.toc
LaTeX Font Info:    Font shape `T1/phv/m/n' will be
(Font)              scaled to size 9.85492pt on input line 9.
LaTeX Font Info:    Font shape `T1/phv/m/n' will be
(Font)              scaled to size 8.99994pt on input line 15.
Package babel Info: Redefining portuges shorthand "|
(babel)             in language append on input line 30.
 [9



])
\tf@toc=\write5
\openout5 = `modelo-tese.toc'.

Package babel Info: Redefining portuges shorthand "|
(babel)             in language append on input line 71.
 [10]
Package babel Info: Redefining portuges shorthand "|
(babel)             in language append on input line 71.

(./modelo-tese.lof
LaTeX Font Info:    Font shape `T1/phv/m/it' in size <12> not available
(Font)              Font shape `T1/phv/m/sl' tried instead on input line 9.
LaTeX Font Info:    Font shape `T1/phv/m/sl' will be
(Font)              scaled to size 10.79993pt on input line 9.
Package babel Info: Redefining portuges shorthand "|
(babel)             in language append on input line 35.
 [11


])
\tf@lof=\write6
\openout6 = `modelo-tese.lof'.

Package babel Info: Redefining portuges shorthand "|
(babel)             in language append on input line 71.
 [12]
Package babel Info: Redefining portuges shorthand "|
(babel)             in language append on input line 71.
 (./modelo-tese.lot)
\tf@lot=\write7
\openout7 = `modelo-tese.lot'.

Package babel Info: Redefining portuges shorthand "|
(babel)             in language append on input line 71.
 [13


] (./modelo-tese.loc
Overfull \hbox (10.48755pt too wide) in paragraph at lines 3--3
 [][] [][][]\T1/pcr/m/n/12 Resposta do pedido de criptografia em caso de proces
samento 
 []


Underfull \hbox (badness 10000) in paragraph at lines 4--4
 [][] [][][]\T1/pcr/m/n/12 Resposta da consulta à pedido de criptografia ainda 
em 
 []


Underfull \hbox (badness 10000) in paragraph at lines 5--5
 [][] [][][]\T1/pcr/m/n/12 Mensagem enviada para descriptografar uma mensagem 
 []


Underfull \hbox (badness 10000) in paragraph at lines 8--8
 [][] [][][]\T1/pcr/m/n/12 Exemplo de resposta em caso de processamento ainda e
m 
 []

)
\tf@loc=\write8
\openout8 = `modelo-tese.loc'.

Package babel Info: Redefining portuges shorthand "|
(babel)             in language append on input line 71.
Package babel Info: Redefining portuges shorthand "|
(babel)             in language append on input line 71.
 [14


] (./tex/cap_I.tex
Cap\'{\i }tulo 1.
Package babel Info: Redefining portuges shorthand "|
(babel)             in language append on input line 2.
LaTeX Font Info:    Font shape `T1/phv/m/n' will be
(Font)              scaled to size 15.55188pt on input line 2.
LaTeX Font Info:    Font shape `T1/phv/m/n' will be
(Font)              scaled to size 22.39185pt on input line 2.
LaTeX Font Info:    Font shape `T1/phv/m/n' will be
(Font)              scaled to size 18.66588pt on input line 2.
LaTeX Font Info:    Font shape `T1/ptm/bx/n' in size <20.74> not available
(Font)              Font shape `T1/ptm/b/n' tried instead on input line 2.
Package babel Info: Redefining portuges shorthand "|
(babel)             in language append on input line 17.
[15


]) (./tex/cap_II.tex
Package babel Info: Redefining portuges shorthand "|
(babel)             in language append on input line 1.
 [16]
Cap\'{\i }tulo 2.
Package babel Info: Redefining portuges shorthand "|
(babel)             in language append on input line 1.
Package babel Info: Redefining portuges shorthand "|
(babel)             in language append on input line 14.
[17

]) (./tex/cap_III.tex
Package babel Info: Redefining portuges shorthand "|
(babel)             in language append on input line 1.
 [18]
Cap\'{\i }tulo 3.
Package babel Info: Redefining portuges shorthand "|
(babel)             in language append on input line 1.
) (./tex/cap_IV.tex
Package babel Info: Redefining portuges shorthand "|
(babel)             in language append on input line 1.
 [19

]
Cap\'{\i }tulo 4.
Package babel Info: Redefining portuges shorthand "|
(babel)             in language append on input line 1.
Package babel Info: Redefining portuges shorthand "|
(babel)             in language append on input line 7.
Package babel Info: Redefining portuges shorthand "|
(babel)             in language append on input line 17.
[20

]
LaTeX Font Info:    Font shape `OMS/ptm/m/n' in size <12> not available
(Font)              Font shape `OMS/pzccm/m/n' tried instead on input line 26.
 <./fig/prompt-encrypt-document.png, id=443, 611.28375pt x 349.305pt>
File: ./fig/prompt-encrypt-document.png Graphic file (type png)

<use ./fig/prompt-encrypt-document.png>
Package pdftex.def Info: ./fig/prompt-encrypt-document.png used on input line 3
5.
(pdftex.def)             Requested size: 384.10959pt x 219.48767pt.
LaTeX Font Info:    Font shape `T1/ptm/bx/it' in size <10.95> not available
(Font)              Font shape `T1/ptm/b/it' tried instead on input line 36.
Package babel Info: Redefining portuges shorthand "|
(babel)             in language append on input line 46.
 [21 <./fig/prompt-encrypt-document.png>] <./fig/tela-enigmail.png, id=457, 609
.27625pt x 294.09875pt>
File: ./fig/tela-enigmail.png Graphic file (type png)

<use ./fig/tela-enigmail.png>
Package pdftex.def Info: ./fig/tela-enigmail.png used on input line 58.
(pdftex.def)             Requested size: 384.10959pt x 185.41782pt.

<./fig/enigform.png, id=460, 814.04124pt x 396.48125pt>
File: ./fig/enigform.png Graphic file (type png)

<use ./fig/enigform.png>
Package pdftex.def Info: ./fig/enigform.png used on input line 68.
(pdftex.def)             Requested size: 384.10959pt x 187.07823pt.
Package babel Info: Redefining portuges shorthand "|
(babel)             in language append on input line 72.
 [22 <./fig/tela-enigmail.png>]
Package babel Info: Redefining portuges shorthand "|
(babel)             in language append on input line 74.

<./fig/tokens.png, id=476, 603.25375pt x 317.185pt>
File: ./fig/tokens.png Graphic file (type png)
 <use ./fig/tokens.png>
Package pdftex.def Info: ./fig/tokens.png used on input line 96.
(pdftex.def)             Requested size: 384.10959pt x 201.95712pt.
Package babel Info: Redefining portuges shorthand "|
(babel)             in language append on input line 100.

[23 <./fig/enigform.png>]
<./fig/diagrama-tokens.png, id=486, 555.07375pt x 63.23625pt>
File: ./fig/diagrama-tokens.png Graphic file (type png)

<use ./fig/diagrama-tokens.png>
Package pdftex.def Info: ./fig/diagrama-tokens.png used on input line 109.
(pdftex.def)             Requested size: 384.10959pt x 43.75945pt.
Package babel Info: Redefining portuges shorthand "|
(babel)             in language append on input line 116.
 [24 <./fig/tokens.png> <./fig/diagrama-tokens.png>]
Package babel Info: Redefining portuges shorthand "|
(babel)             in language append on input line 118.
) (./tex/cap_V.tex
Package babel Info: Redefining portuges shorthand "|
(babel)             in language append on input line 1.
 [25]
Cap\'{\i }tulo 5.
Package babel Info: Redefining portuges shorthand "|
(babel)             in language append on input line 1.
Package babel Info: Redefining portuges shorthand "|
(babel)             in language append on input line 5.
Package babel Info: Redefining portuges shorthand "|
(babel)             in language append on input line 16.
[26

] <./fig/diagrama-tunel.png, id=504, 903.375pt x 473.77pt>
File: ./fig/diagrama-tunel.png Graphic file (type png)

<use ./fig/diagrama-tunel.png>
Package pdftex.def Info: ./fig/diagrama-tunel.png used on input line 26.
(pdftex.def)             Requested size: 384.10959pt x 201.44717pt.

<./fig/diagrama-senha.png, id=505, 758.835pt x 327.2225pt>
File: ./fig/diagrama-senha.png Graphic file (type png)

<use ./fig/diagrama-senha.png>
Package pdftex.def Info: ./fig/diagrama-senha.png used on input line 35.
(pdftex.def)             Requested size: 384.10959pt x 165.638pt.
Package babel Info: Redefining portuges shorthand "|
(babel)             in language append on input line 39.
 [27 <./fig/diagrama-tunel.png>]
<./fig/pedir-senha-alice.png, id=510, 319.1925pt x 390.45876pt>
File: ./fig/pedir-senha-alice.png Graphic file (type png)

<use ./fig/pedir-senha-alice.png>
Package pdftex.def Info: ./fig/pedir-senha-alice.png used on input line 43.
(pdftex.def)             Requested size: 170.71393pt x 208.83081pt.

Underfull \hbox (badness 1226) in paragraph at lines 44--44
\T1/ptm/m/it/10.95 dindo a se-nha da chave pri-vada para o usuá-rio
 []

Package babel Info: Redefining portuges shorthand "|
(babel)             in language append on input line 48.
Package babel Info: Redefining portuges shorthand "|
(babel)             in language append on input line 55.
[28 <./fig/diagrama-senha.png> <./fig/pedir-senha-alice.png>]
LaTeX Font Info:    Font shape `T1/ptm/bx/n' in size <14.4> not available
(Font)              Font shape `T1/ptm/b/n' tried instead on input line 64.
Package babel Info: Redefining portuges shorthand "|
(babel)             in language append on input line 64.
Package babel Info: Redefining portuges shorthand "|
(babel)             in language append on input line 69.

<./fig/diagrama-encrypt.png, id=516, 715.67375pt x 367.3725pt>
File: ./fig/diagrama-encrypt.png Graphic file (type png)

<use ./fig/diagrama-encrypt.png>
Package pdftex.def Info: ./fig/diagrama-encrypt.png used on input line 78.
(pdftex.def)             Requested size: 384.10959pt x 197.17297pt.
Package babel Info: Redefining portuges shorthand "|
(babel)             in language append on input line 86.
 [29 <./fig/diagrama-encrypt.png>]
Package hyperref Info: bookmark level for unknown codigo defaults to 0 on input
 line 103.
Package babel Info: Redefining portuges shorthand "|
(babel)             in language append on input line 133.

<./fig/diagrama-encrypt-consultar.png, id=523, 494.84875pt x 244.915pt>
File: ./fig/diagrama-encrypt-consultar.png Graphic file (type png)

<use ./fig/diagrama-encrypt-consultar.png>
Package pdftex.def Info: ./fig/diagrama-encrypt-consultar.png used on input lin
e 140.
(pdftex.def)             Requested size: 384.10959pt x 190.10611pt.
Package babel Info: Redefining portuges shorthand "|
(babel)             in language append on input line 144.
 [30]
Overfull \hbox (31.64124pt too wide) in paragraph at lines 147--148
[]\T1/ptm/b/n/12 Endpoint exem-plo\T1/ptm/m/n/12 : \T1/pcr/m/n/12 /cryptows/enc
rypt-content/requestId/123e4567-e89b-12d3 
 []


Underfull \hbox (badness 10000) in paragraph at lines 168--168
[]\T1/ptm/b/n/12 Código 5.3 \T1/pcr/m/n/12 Resposta do pedido de criptografia e
m caso de
 []


Underfull \hbox (badness 6284) in paragraph at lines 181--181
[]\T1/ptm/b/n/12 Código 5.4 \T1/pcr/m/n/12 Resposta da consulta à pedido de cri
ptografia ainda
 []

Package babel Info: Redefining portuges shorthand "|
(babel)             in language append on input line 185.
[31 <./fig/diagrama-encrypt-consultar.png>]
Package babel Info: Redefining portuges shorthand "|
(babel)             in language append on input line 188.

<./fig/diagrama-decrypt.png, id=533, 715.67375pt x 367.3725pt>
File: ./fig/diagrama-decrypt.png Graphic file (type png)

<use ./fig/diagrama-decrypt.png>
Package pdftex.def Info: ./fig/diagrama-decrypt.png used on input line 195.
(pdftex.def)             Requested size: 384.10959pt x 197.17297pt.

Underfull \hbox (badness 10000) in paragraph at lines 220--220
[]\T1/ptm/b/n/12 Código 5.5 \T1/pcr/m/n/12 Mensagem enviada para descriptografa
r uma mensagem
 []

Package babel Info: Redefining portuges shorthand "|
(babel)             in language append on input line 224.
[32 <./fig/diagrama-decrypt.png>]
Package babel Info: Redefining portuges shorthand "|
(babel)             in language append on input line 249.

<./fig/diagrama-decrypt-consultar.png, id=539, 494.84875pt x 244.915pt>
File: ./fig/diagrama-decrypt-consultar.png Graphic file (type png)

<use ./fig/diagrama-decrypt-consultar.png>
Package pdftex.def Info: ./fig/diagrama-decrypt-consultar.png used on input lin
e 257.
(pdftex.def)             Requested size: 384.10959pt x 190.10611pt.
Package babel Info: Redefining portuges shorthand "|
(babel)             in language append on input line 261.
 [33]
Overfull \hbox (31.64124pt too wide) in paragraph at lines 264--265
[]\T1/ptm/b/n/12 Endpoint exem-plo\T1/ptm/m/n/12 : \T1/pcr/m/n/12 /cryptows/dec
rypt-content/requestId/123e4567-e89b-12d3 
 []


Underfull \hbox (badness 10000) in paragraph at lines 285--285
[]\T1/ptm/b/n/12 Código 5.7 \T1/pcr/m/n/12 Exemplo de resposta em caso de proce
ssamento
 []

Package babel Info: Redefining portuges shorthand "|
(babel)             in language append on input line 302.
[34 <./fig/diagrama-decrypt-consultar.png>]) (./tex/cap_VI.tex
Package babel Info: Redefining portuges shorthand "|
(babel)             in language append on input line 1.
 [35]
Cap\'{\i }tulo 6.
Package babel Info: Redefining portuges shorthand "|
(babel)             in language append on input line 1.
<./fig/openkeychain.png, id=554, 288.07625pt x 519.9425pt>
File: ./fig/openkeychain.png Graphic file (type png)

<use ./fig/openkeychain.png>
Package pdftex.def Info: ./fig/openkeychain.png used on input line 10.
(pdftex.def)             Requested size: 128.0387pt x 231.09998pt.
Package babel Info: Redefining portuges shorthand "|
(babel)             in language append on input line 19.
Package babel Info: Redefining portuges shorthand "|
(babel)             in language append on input line 23.
 [36

 <./fig/openkeychain.png>]
<./fig/app-pgp.png, id=559, 218.8175pt x 389.455pt>
File: ./fig/app-pgp.png Graphic file (type png)
 <use ./fig/app-pgp.png>
Package pdftex.def Info: ./fig/app-pgp.png used on input line 27.
(pdftex.def)             Requested size: 170.71393pt x 303.84499pt.

<./fig/camadas.png, id=564, 779.91376pt x 248.93pt>
File: ./fig/camadas.png Graphic file (type png)
 <use ./fig/camadas.png>
Package pdftex.def Info: ./fig/camadas.png used on input line 38.
(pdftex.def)             Requested size: 418.25368pt x 133.4972pt.
Package babel Info: Redefining portuges shorthand "|
(babel)             in language append on input line 42.

[37 <./fig/app-pgp.png>]
<./fig/arquitetura.png, id=569, 892.33376pt x 434.62375pt>
File: ./fig/arquitetura.png Graphic file (type png)

<use ./fig/arquitetura.png>
Package pdftex.def Info: ./fig/arquitetura.png used on input line 48.
(pdftex.def)             Requested size: 405.45045pt x 197.48221pt.
Package babel Info: Redefining portuges shorthand "|
(babel)             in language append on input line 61.
 [38 <./fig/camadas.png> <./fig/arquitetura.png>]
Package babel Info: Redefining portuges shorthand "|
(babel)             in language append on input line 65.

<./fig/postman-encrypt-content.png, id=577, 673.51625pt x 594.22pt>
File: ./fig/postman-encrypt-content.png Graphic file (type png)

<use ./fig/postman-encrypt-content.png>
Package pdftex.def Info: ./fig/postman-encrypt-content.png used on input line 7
2.
(pdftex.def)             Requested size: 384.10959pt x 338.89026pt.

<./fig/postman-encript-content-result.png, id=578, 816.04875pt x 566.115pt>
File: ./fig/postman-encript-content-result.png Graphic file (type png)

<use ./fig/postman-encript-content-result.png>
Package pdftex.def Info: ./fig/postman-encript-content-result.png used on input
 line 80.
(pdftex.def)             Requested size: 384.10959pt x 266.47144pt.
Package babel Info: Redefining portuges shorthand "|
(babel)             in language append on input line 84.
 [39 <./fig/postman-encrypt-content.png>] <./fig/postman-decrypt-content.png, i
d=585, 819.06pt x 571.13374pt>
File: ./fig/postman-decrypt-content.png Graphic file (type png)

<use ./fig/postman-decrypt-content.png>
Package pdftex.def Info: ./fig/postman-decrypt-content.png used on input line 8
8.
(pdftex.def)             Requested size: 384.10959pt x 267.849pt.

<./fig/postman-decrypt-result.png, id=586, 819.06pt x 567.11874pt>
File: ./fig/postman-decrypt-result.png Graphic file (type png)

<use ./fig/postman-decrypt-result.png>
Package pdftex.def Info: ./fig/postman-decrypt-result.png used on input line 95
.
(pdftex.def)             Requested size: 384.10959pt x 265.96605pt.
Package babel Info: Redefining portuges shorthand "|
(babel)             in language append on input line 99.
 [40 <./fig/postman-encript-content-result.png> <./fig/postman-decrypt-content.
png>]
Package babel Info: Redefining portuges shorthand "|
(babel)             in language append on input line 101.


LaTeX Warning: No positions in optional float specifier.
               Default added (so using `tbp') on input line 118.

Package babel Info: Redefining portuges shorthand "|
(babel)             in language append on input line 137.
[41 <./fig/postman-decrypt-result.png>]
<./fig/grafico-relacao-tamanho-tempo-medio.png, id=596, 578.16pt x 355.3275pt>
File: ./fig/grafico-relacao-tamanho-tempo-medio.png Graphic file (type png)

<use ./fig/grafico-relacao-tamanho-tempo-medio.png>
Package pdftex.def Info: ./fig/grafico-relacao-tamanho-tempo-medio.png used on 
input line 145.
(pdftex.def)             Requested size: 384.10959pt x 236.0675pt.
Package babel Info: Redefining portuges shorthand "|
(babel)             in language append on input line 149.
 [42]
<./fig/grafico-quociente-tempoTamanho-x-tamanho.png, id=601, 599.23875pt x 370.
38374pt>
File: ./fig/grafico-quociente-tempoTamanho-x-tamanho.png Graphic file (type png
)
 <use ./fig/grafico-quociente-tempoTamanho-x-tamanho.png>
Package pdftex.def Info: ./fig/grafico-quociente-tempoTamanho-x-tamanho.png use
d on input line 152.
(pdftex.def)             Requested size: 384.10959pt x 237.41779pt.
Package babel Info: Redefining portuges shorthand "|
(babel)             in language append on input line 159.
Package babel Info: Redefining portuges shorthand "|
(babel)             in language append on input line 162.
 [43 <./fig/grafico-relacao-tamanho-tempo-medio.png> <./fig/grafico-quociente-t
empoTamanho-x-tamanho.png>]) (./tex/cap_VII.tex
Package babel Info: Redefining portuges shorthand "|
(babel)             in language append on input line 1.
 [44]
Cap\'{\i }tulo 7.
Package babel Info: Redefining portuges shorthand "|
(babel)             in language append on input line 1.
) (./tex/cap_VIII.tex
Package babel Info: Redefining portuges shorthand "|
(babel)             in language append on input line 1.
 [45

]
Cap\'{\i }tulo 8.
Package babel Info: Redefining portuges shorthand "|
(babel)             in language append on input line 1.
)
Package babel Info: Redefining portuges shorthand "|
(babel)             in language append on input line 99.
 [46

] (./modelo-tese.bbl
Package babel Info: Redefining portuges shorthand "|
(babel)             in language append on input line 1.
LaTeX Font Info:    Font shape `T1/phv/m/sc' will be
(Font)              scaled to size 10.79993pt on input line 4.

Underfull \hbox (badness 1275) in paragraph at lines 63--67
[]\T1/phv/m/sc/12 Comunity, G.  \T1/phv/b/n/12 Gnupg soft-ware list\T1/phv/m/n/
12 .  [][]$\T1/pcr/m/n/12 https : / / www . gnupg . org / related _
 []

Package babel Info: Redefining portuges shorthand "|
(babel)             in language append on input line 74.
[47


]
Underfull \hbox (badness 6141) in paragraph at lines 91--97
[]\T1/phv/m/sc/12 Experian, S.  \T1/phv/b/n/12 Ins-ta-la-ção e re-qui-si-tos té
c-ni-cos em to-kens da se-
 []

Package babel Info: Redefining portuges shorthand "|
(babel)             in language append on input line 158.
[48])
Package babel Info: Redefining portuges shorthand "|
(babel)             in language append on input line 107.
 [49] (./pos/apend_I.tex
Ap\^endice A.
Package babel Info: Redefining portuges shorthand "|
(babel)             in language append on input line 1.
) (./pos/apend_II.tex
Package babel Info: Redefining portuges shorthand "|
(babel)             in language append on input line 1.
 [50


]
Ap\^endice B.
Package babel Info: Redefining portuges shorthand "|
(babel)             in language append on input line 1.
<./fig/2-listar-chaves.png, id=678, 615.29875pt x 191.71625pt>
File: ./fig/2-listar-chaves.png Graphic file (type png)

<use ./fig/2-listar-chaves.png>
Package pdftex.def Info: ./fig/2-listar-chaves.png used on input line 9.
(pdftex.def)             Requested size: 384.10959pt x 119.68486pt.

<./fig/1-gerar-chave.png, id=679, 604.2575pt x 608.2725pt>
File: ./fig/1-gerar-chave.png Graphic file (type png)

<use ./fig/1-gerar-chave.png>
Package pdftex.def Info: ./fig/1-gerar-chave.png used on input line 19.
(pdftex.def)             Requested size: 384.10959pt x 386.65714pt.
Package babel Info: Redefining portuges shorthand "|
(babel)             in language append on input line 23.
 [51

 <./fig/2-listar-chaves.png>]
<./fig/gerar-chave-resutado.png, id=684, 613.29124pt x 233.87375pt>
File: ./fig/gerar-chave-resutado.png Graphic file (type png)

<use ./fig/gerar-chave-resutado.png>
Package pdftex.def Info: ./fig/gerar-chave-resutado.png used on input line 27.
(pdftex.def)             Requested size: 384.10959pt x 146.47762pt.

<./fig/3-decrypt-message.png, id=685, 611.28375pt x 216.81pt>
File: ./fig/3-decrypt-message.png Graphic file (type png)

<use ./fig/3-decrypt-message.png>
Package pdftex.def Info: ./fig/3-decrypt-message.png used on input line 37.
(pdftex.def)             Requested size: 384.10959pt x 136.23372pt.
) (./pos/apend_III.tex
Package babel Info: Redefining portuges shorthand "|
(babel)             in language append on input line 1.
 [52 <./fig/1-gerar-chave.png> <./fig/gerar-chave-resutado.png>]
Package babel Info: Redefining portuges shorthand "|
(babel)             in language append on input line 1.
 [53 <./fig/3-decrypt-message.png>]
Ap\^endice C.
Package babel Info: Redefining portuges shorthand "|
(babel)             in language append on input line 1.
) (./pos/apend_IV.tex
Package babel Info: Redefining portuges shorthand "|
(babel)             in language append on input line 1.
 [54

]
Ap\^endice D.
Package babel Info: Redefining portuges shorthand "|
(babel)             in language append on input line 1.
) (./pos/apend_V.tex
Package babel Info: Redefining portuges shorthand "|
(babel)             in language append on input line 1.
 [55

]
Ap\^endice E.
Package babel Info: Redefining portuges shorthand "|
(babel)             in language append on input line 1.
) (./pos/apend_VI.tex
Package babel Info: Redefining portuges shorthand "|
(babel)             in language append on input line 1.
 [56

]
Ap\^endice F.
Package babel Info: Redefining portuges shorthand "|
(babel)             in language append on input line 1.
<./fig/cliente-pgp.png, id=707, 533.995pt x 503.8825pt>
File: ./fig/cliente-pgp.png Graphic file (type png)

<use ./fig/cliente-pgp.png>
Package pdftex.def Info: ./fig/cliente-pgp.png used on input line 11.
(pdftex.def)             Requested size: 298.75262pt x 281.91855pt.
Package babel Info: Redefining portuges shorthand "|
(babel)             in language append on input line 17.
 [57

 <./fig/cliente-pgp.png>]) (./pos/apend_VII.tex
Package babel Info: Redefining portuges shorthand "|
(babel)             in language append on input line 1.

[58]
Ap\^endice G.
Package babel Info: Redefining portuges shorthand "|
(babel)             in language append on input line 1.
Package babel Info: Redefining portuges shorthand "|
(babel)             in language append on input line 120.
[59

]
Package babel Info: Redefining portuges shorthand "|
(babel)             in language append on input line 120.
 [60]
Package babel Info: Redefining portuges shorthand "|
(babel)             in language append on input line 120.
 [61]) (./pos/apend_VIII.tex) 
AED: lastpage setting LastPage
Package babel Info: Redefining portuges shorthand "|
(babel)             in language append on input line 118.
[62]
Package atveryend Info: Empty hook `BeforeClearDocument' on input line 118.
Package atveryend Info: Empty hook `AfterLastShipout' on input line 118.
 (./modelo-tese.aux)
Package atveryend Info: Executing hook `AtVeryEndDocument' on input line 118.
Package atveryend Info: Executing hook `AtEndAfterFileList' on input line 118.
Package rerunfilecheck Info: File `modelo-tese.out' has not changed.
(rerunfilecheck)             Checksum: 2987144CCE126979FB141345BE494BFA;3481.


LaTeX Warning: There were multiply-defined labels.

Package atveryend Info: Empty hook `AtVeryVeryEnd' on input line 118.
 ) 
Here is how much of TeX's memory you used:
 11035 strings out of 493029
 166953 string characters out of 6136234
 286449 words of memory out of 5000000
 14067 multiletter control sequences out of 15000+600000
 103902 words of font info for 103 fonts, out of 8000000 for 9000
 1141 hyphenation exceptions out of 8191
 43i,12n,50p,927b,523s stack positions out of 5000i,500n,10000p,200000b,80000s
{/usr/share/texlive/texmf-dist/fonts/enc/dvips/base/8r.enc}</usr/share/texliv
e/texmf-dist/fonts/type1/public/amsfonts/cm/cmsy10.pfb></usr/share/texlive/texm
f-dist/fonts/type1/urw/courier/ucrr8a.pfb></usr/share/texlive/texmf-dist/fonts/
type1/urw/helvetic/uhvb8a.pfb></usr/share/texlive/texmf-dist/fonts/type1/urw/he
lvetic/uhvr8a.pfb></usr/share/texlive/texmf-dist/fonts/type1/urw/helvetic/uhvro
8a.pfb></usr/share/texlive/texmf-dist/fonts/type1/urw/times/utmb8a.pfb></usr/sh
are/texlive/texmf-dist/fonts/type1/urw/times/utmr8a.pfb></usr/share/texlive/tex
mf-dist/fonts/type1/urw/times/utmri8a.pfb>
Output written on modelo-tese.pdf (64 pages, 1515891 bytes).
PDF statistics:
 801 PDF objects out of 1000 (max. 8388607)
 684 compressed objects within 7 object streams
 172 named destinations out of 1000 (max. 500000)
 496 words of extra memory for PDF output out of 10000 (max. 10000000)

